<?xml version="1.0" encoding="UTF-8"?>
<testsuite xmlns:xsi="http://www.w3.org/2001/XMLSchema-instance" xsi:noNamespaceSchemaLocation="https://maven.apache.org/surefire/maven-surefire-plugin/xsd/surefire-test-report.xsd" name="aed.pd1.TArbolGenericoTest" time="0.113" tests="8" errors="0" skipped="0" failures="0">
  <properties>
    <property name="sun.desktop" value="windows"/>
    <property name="awt.toolkit" value="sun.awt.windows.WToolkit"/>
    <property name="java.specification.version" value="11"/>
    <property name="sun.cpu.isalist" value="amd64"/>
    <property name="sun.jnu.encoding" value="Cp1252"/>
    <property name="java.class.path" value="C:\Users\59899\OneDrive - Universidad Católica del Uruguay\ALGORITMOS Y ESTRUCTURA DE DATOS\Tema 5 - Arboles genericos y tries\PDs\PD1\target\test-classes;C:\Users\59899\OneDrive - Universidad Católica del Uruguay\ALGORITMOS Y ESTRUCTURA DE DATOS\Tema 5 - Arboles genericos y tries\PDs\PD1\target\classes;C:\Users\59899\.m2\repository\org\junit\jupiter\junit-jupiter-api\5.6.0\junit-jupiter-api-5.6.0.jar;C:\Users\59899\.m2\repository\org\apiguardian\apiguardian-api\1.1.0\apiguardian-api-1.1.0.jar;C:\Users\59899\.m2\repository\org\opentest4j\opentest4j\1.2.0\opentest4j-1.2.0.jar;C:\Users\59899\.m2\repository\org\junit\platform\junit-platform-commons\1.6.0\junit-platform-commons-1.6.0.jar;C:\Users\59899\.m2\repository\org\junit\jupiter\junit-jupiter-params\5.6.0\junit-jupiter-params-5.6.0.jar;C:\Users\59899\.m2\repository\org\junit\jupiter\junit-jupiter-engine\5.6.0\junit-jupiter-engine-5.6.0.jar;C:\Users\59899\.m2\repository\org\junit\platform\junit-platform-engine\1.6.0\junit-platform-engine-1.6.0.jar;"/>
    <property name="java.vm.vendor" value="Eclipse Adoptium"/>
    <property name="sun.arch.data.model" value="64"/>
    <property name="user.variant" value=""/>
    <property name="java.vendor.url" value="https://adoptium.net/"/>
    <property name="user.timezone" value="America/Montevideo"/>
    <property name="java.vm.specification.version" value="11"/>
    <property name="os.name" value="Windows 10"/>
    <property name="user.country" value="UY"/>
    <property name="sun.java.launcher" value="SUN_STANDARD"/>
    <property name="sun.boot.library.path" value="C:\Users\59899\AppData\Local\Programs\Eclipse Adoptium\jdk-11.0.13.8-hotspot\bin"/>
    <property name="sun.java.command" value="C:\Users\59899\AppData\Local\Temp\surefire2916392819260712218\surefirebooter12410975999080933200.jar C:\Users\59899\AppData\Local\Temp\surefire2916392819260712218 2022-05-29T16-55-30_972-jvmRun1 surefire16481155926650635329tmp surefire_012526210574978388231tmp"/>
    <property name="jdk.debug" value="release"/>
    <property name="test" value="aed.pd1.TArbolGenericoTest"/>
    <property name="surefire.test.class.path" value="C:\Users\59899\OneDrive - Universidad Católica del Uruguay\ALGORITMOS Y ESTRUCTURA DE DATOS\Tema 5 - Arboles genericos y tries\PDs\PD1\target\test-classes;C:\Users\59899\OneDrive - Universidad Católica del Uruguay\ALGORITMOS Y ESTRUCTURA DE DATOS\Tema 5 - Arboles genericos y tries\PDs\PD1\target\classes;C:\Users\59899\.m2\repository\org\junit\jupiter\junit-jupiter-api\5.6.0\junit-jupiter-api-5.6.0.jar;C:\Users\59899\.m2\repository\org\apiguardian\apiguardian-api\1.1.0\apiguardian-api-1.1.0.jar;C:\Users\59899\.m2\repository\org\opentest4j\opentest4j\1.2.0\opentest4j-1.2.0.jar;C:\Users\59899\.m2\repository\org\junit\platform\junit-platform-commons\1.6.0\junit-platform-commons-1.6.0.jar;C:\Users\59899\.m2\repository\org\junit\jupiter\junit-jupiter-params\5.6.0\junit-jupiter-params-5.6.0.jar;C:\Users\59899\.m2\repository\org\junit\jupiter\junit-jupiter-engine\5.6.0\junit-jupiter-engine-5.6.0.jar;C:\Users\59899\.m2\repository\org\junit\platform\junit-platform-engine\1.6.0\junit-platform-engine-1.6.0.jar;"/>
    <property name="sun.cpu.endian" value="little"/>
    <property name="user.home" value="C:\Users\59899"/>
    <property name="user.language" value="es"/>
    <property name="java.specification.vendor" value="Oracle Corporation"/>
    <property name="java.version.date" value="2021-10-19"/>
    <property name="java.home" value="C:\Users\59899\AppData\Local\Programs\Eclipse Adoptium\jdk-11.0.13.8-hotspot"/>
    <property name="file.separator" value="\"/>
    <property name="basedir" value="C:\Users\59899\OneDrive - Universidad Católica del Uruguay\ALGORITMOS Y ESTRUCTURA DE DATOS\Tema 5 - Arboles genericos y tries\PDs\PD1"/>
    <property name="java.vm.compressedOopsMode" value="Zero based"/>
    <property name="line.separator" value="&#10;"/>
    <property name="java.specification.name" value="Java Platform API Specification"/>
    <property name="java.vm.specification.vendor" value="Oracle Corporation"/>
    <property name="java.awt.graphicsenv" value="sun.awt.Win32GraphicsEnvironment"/>
    <property name="surefire.real.class.path" value="C:\Users\59899\AppData\Local\Temp\surefire2916392819260712218\surefirebooter12410975999080933200.jar"/>
    <property name="user.script" value=""/>
    <property name="sun.management.compiler" value="HotSpot 64-Bit Tiered Compilers"/>
    <property name="java.runtime.version" value="11.0.13+8"/>
    <property name="user.name" value="Rafael"/>
    <property name="path.separator" value=";"/>
    <property name="os.version" value="10.0"/>
    <property name="java.runtime.name" value="OpenJDK Runtime Environment"/>
    <property name="file.encoding" value="UTF-8"/>
    <property name="java.vm.name" value="OpenJDK 64-Bit Server VM"/>
    <property name="java.vendor.version" value="Temurin-11.0.13+8"/>
    <property name="maven.ext.class.path" value="C:\Program Files\NetBeans-13\netbeans\java\maven-nblib\netbeans-eventspy.jar"/>
    <property name="localRepository" value="C:\Users\59899\.m2\repository"/>
    <property name="java.vendor.url.bug" value="https://github.com/adoptium/adoptium-support/issues"/>
    <property name="java.io.tmpdir" value="C:\Users\59899\AppData\Local\Temp\"/>
    <property name="java.version" value="11.0.13"/>
    <property name="user.dir" value="C:\Users\59899\OneDrive - Universidad Católica del Uruguay\ALGORITMOS Y ESTRUCTURA DE DATOS\Tema 5 - Arboles genericos y tries\PDs\PD1"/>
    <property name="os.arch" value="amd64"/>
    <property name="java.vm.specification.name" value="Java Virtual Machine Specification"/>
    <property name="java.awt.printerjob" value="sun.awt.windows.WPrinterJob"/>
    <property name="sun.os.patch.level" value=""/>
    <property name="java.library.path" value="C:\Users\59899\AppData\Local\Programs\Eclipse Adoptium\jdk-11.0.13.8-hotspot\bin;C:\WINDOWS\Sun\Java\bin;C:\WINDOWS\system32;C:\WINDOWS;C:\Program Files\Common Files\Oracle\Java\javapath;C:\windows\system32;C:\windows;C:\windows\System32\Wbem;C:\windows\System32\WindowsPowerShell\v1.0\;C:\windows\System32\OpenSSH\;C:\Program Files\Git\cmd;C;C:\Program Files\Docker\Docker\resources\bin;C:\ProgramData\DockerDesktop\version-bin;C:\WINDOWS\system32;C:\WINDOWS;C:\WINDOWS\System32\Wbem;C:\WINDOWS\System32\WindowsPowerShell\v1.0\;C:\WINDOWS\System32\OpenSSH\;C:\Program Files\MySQL\MySQL Shell 8.0\bin\;C:\Users\59899\AppData\Local\Programs\Eclipse Adoptium\jdk-11.0.13.8-hotspot\bin;C:\Users\59899\AppData\Local\Programs\Python\Python39\Scripts\;C:\Users\59899\AppData\Local\Programs\Python\Python39\;C:\Users\59899\AppData\Local\Microsoft\WindowsApps;C:\Users\59899\.dotnet\tools;C:\Users\59899\AppData\Local\Programs\Microsoft VS Code\bin;C:\ProgramData\Rafael\GitHubDesktop\bin;C:\Program Files\JetBrains\DataGrip 2021.3.4\bin;;C:\Users\59899\AppData\Local\GitHubDesktop\bin;;."/>
    <property name="java.vm.info" value="mixed mode"/>
    <property name="java.vendor" value="Eclipse Adoptium"/>
    <property name="java.vm.version" value="11.0.13+8"/>
    <property name="sun.io.unicode.encoding" value="UnicodeLittle"/>
    <property name="java.class.version" value="55.0"/>
  </properties>
  <testcase name="testInsertarRaiz" classname="aed.pd1.TArbolGenericoTest" time="0.048"/>
  <testcase name="testInsertarOtroHijoRaiz" classname="aed.pd1.TArbolGenericoTest" time="0.042"/>
  <testcase name="testBuscarArbolElementoNoexiste" classname="aed.pd1.TArbolGenericoTest" time="0"/>
  <testcase name="testBuscarNulo" classname="aed.pd1.TArbolGenericoTest" time="0.004"/>
  <testcase name="testBuscarRaiz" classname="aed.pd1.TArbolGenericoTest" time="0"/>
  <testcase name="testBuscarUnElemento" classname="aed.pd1.TArbolGenericoTest" time="0"/>
  <testcase name="testInsertarUnHijoRaiz" classname="aed.pd1.TArbolGenericoTest" time="0"/>
  <testcase name="testInsertarUnHijoaUnHijoDeRaiz" classname="aed.pd1.TArbolGenericoTest" time="0"/>
</testsuite>